{"C:\\Users\\Ландыш\\Desktop\\ajs-class1\\src\\js\\Bowerman.js": {"path":"C:\\Users\\Ландыш\\Desktop\\ajs-class1\\src\\js\\Bowerman.js","statementMap":{"0":{"start":{"line":5,"column":8},"end":{"line":5,"column":24}},"1":{"start":{"line":6,"column":8},"end":{"line":6,"column":25}},"2":{"start":{"line":7,"column":8},"end":{"line":7,"column":26}}},"fnMap":{"0":{"name":"(anonymous_0)","decl":{"start":{"line":4,"column":4},"end":{"line":4,"column":5}},"loc":{"start":{"line":4,"column":37},"end":{"line":8,"column":5}},"line":4}},"branchMap":{"0":{"loc":{"start":{"line":4,"column":21},"end":{"line":4,"column":36}},"type":"default-arg","locations":[{"start":{"line":4,"column":26},"end":{"line":4,"column":36}}],"line":4}},"s":{"0":1,"1":1,"2":1},"f":{"0":1},"b":{"0":[0]},"_coverageSchema":"1a1c01bbd47fc00a2c39e90264f33305004495a9","hash":"8a296cb033e8c7e6305a55b5a326563ad930bfde"}
,"C:\\Users\\Ландыш\\Desktop\\ajs-class1\\src\\js\\Daemon.js": {"path":"C:\\Users\\Ландыш\\Desktop\\ajs-class1\\src\\js\\Daemon.js","statementMap":{"0":{"start":{"line":5,"column":8},"end":{"line":5,"column":24}},"1":{"start":{"line":6,"column":8},"end":{"line":6,"column":25}},"2":{"start":{"line":7,"column":8},"end":{"line":7,"column":26}}},"fnMap":{"0":{"name":"(anonymous_0)","decl":{"start":{"line":4,"column":4},"end":{"line":4,"column":5}},"loc":{"start":{"line":4,"column":35},"end":{"line":8,"column":5}},"line":4}},"branchMap":{"0":{"loc":{"start":{"line":4,"column":21},"end":{"line":4,"column":34}},"type":"default-arg","locations":[{"start":{"line":4,"column":26},"end":{"line":4,"column":34}}],"line":4}},"s":{"0":1,"1":1,"2":1},"f":{"0":1},"b":{"0":[0]},"_coverageSchema":"1a1c01bbd47fc00a2c39e90264f33305004495a9","hash":"a48d7e961de4b364d59a71357a2f22fabdaa47d4"}
,"C:\\Users\\Ландыш\\Desktop\\ajs-class1\\src\\js\\Magician.js": {"path":"C:\\Users\\Ландыш\\Desktop\\ajs-class1\\src\\js\\Magician.js","statementMap":{"0":{"start":{"line":5,"column":8},"end":{"line":5,"column":24}},"1":{"start":{"line":6,"column":8},"end":{"line":6,"column":25}},"2":{"start":{"line":7,"column":8},"end":{"line":7,"column":26}}},"fnMap":{"0":{"name":"(anonymous_0)","decl":{"start":{"line":4,"column":4},"end":{"line":4,"column":5}},"loc":{"start":{"line":4,"column":37},"end":{"line":8,"column":5}},"line":4}},"branchMap":{"0":{"loc":{"start":{"line":4,"column":21},"end":{"line":4,"column":36}},"type":"default-arg","locations":[{"start":{"line":4,"column":26},"end":{"line":4,"column":36}}],"line":4}},"s":{"0":1,"1":1,"2":1},"f":{"0":1},"b":{"0":[0]},"_coverageSchema":"1a1c01bbd47fc00a2c39e90264f33305004495a9","hash":"2fe0fcd4aa0b9730a6f44505c8522e4e3e951048"}
,"C:\\Users\\Ландыш\\Desktop\\ajs-class1\\src\\js\\Swordsman.js": {"path":"C:\\Users\\Ландыш\\Desktop\\ajs-class1\\src\\js\\Swordsman.js","statementMap":{"0":{"start":{"line":5,"column":8},"end":{"line":5,"column":24}},"1":{"start":{"line":6,"column":8},"end":{"line":6,"column":25}},"2":{"start":{"line":7,"column":8},"end":{"line":7,"column":26}}},"fnMap":{"0":{"name":"(anonymous_0)","decl":{"start":{"line":4,"column":4},"end":{"line":4,"column":5}},"loc":{"start":{"line":4,"column":38},"end":{"line":8,"column":5}},"line":4}},"branchMap":{"0":{"loc":{"start":{"line":4,"column":21},"end":{"line":4,"column":37}},"type":"default-arg","locations":[{"start":{"line":4,"column":26},"end":{"line":4,"column":37}}],"line":4}},"s":{"0":1,"1":1,"2":1},"f":{"0":1},"b":{"0":[0]},"_coverageSchema":"1a1c01bbd47fc00a2c39e90264f33305004495a9","hash":"0c0b1c7c61a0c4585dacca37fdeb0a7d7d2b6e29"}
,"C:\\Users\\Ландыш\\Desktop\\ajs-class1\\src\\js\\Undead.js": {"path":"C:\\Users\\Ландыш\\Desktop\\ajs-class1\\src\\js\\Undead.js","statementMap":{"0":{"start":{"line":5,"column":8},"end":{"line":5,"column":24}},"1":{"start":{"line":6,"column":8},"end":{"line":6,"column":25}},"2":{"start":{"line":7,"column":8},"end":{"line":7,"column":26}}},"fnMap":{"0":{"name":"(anonymous_0)","decl":{"start":{"line":4,"column":4},"end":{"line":4,"column":5}},"loc":{"start":{"line":4,"column":35},"end":{"line":8,"column":5}},"line":4}},"branchMap":{"0":{"loc":{"start":{"line":4,"column":21},"end":{"line":4,"column":34}},"type":"default-arg","locations":[{"start":{"line":4,"column":26},"end":{"line":4,"column":34}}],"line":4}},"s":{"0":1,"1":1,"2":1},"f":{"0":1},"b":{"0":[0]},"_coverageSchema":"1a1c01bbd47fc00a2c39e90264f33305004495a9","hash":"150d24a6fe47e19f63125186ae12eb92652b7cba"}
,"C:\\Users\\Ландыш\\Desktop\\ajs-class1\\src\\js\\Zombie.js": {"path":"C:\\Users\\Ландыш\\Desktop\\ajs-class1\\src\\js\\Zombie.js","statementMap":{"0":{"start":{"line":5,"column":8},"end":{"line":5,"column":24}},"1":{"start":{"line":6,"column":8},"end":{"line":6,"column":25}},"2":{"start":{"line":7,"column":8},"end":{"line":7,"column":26}}},"fnMap":{"0":{"name":"(anonymous_0)","decl":{"start":{"line":4,"column":4},"end":{"line":4,"column":5}},"loc":{"start":{"line":4,"column":35},"end":{"line":8,"column":5}},"line":4}},"branchMap":{"0":{"loc":{"start":{"line":4,"column":21},"end":{"line":4,"column":34}},"type":"default-arg","locations":[{"start":{"line":4,"column":26},"end":{"line":4,"column":34}}],"line":4}},"s":{"0":1,"1":1,"2":1},"f":{"0":1},"b":{"0":[0]},"_coverageSchema":"1a1c01bbd47fc00a2c39e90264f33305004495a9","hash":"8ed8b75506581cf2c43aef2965c33ad3893fc549"}
,"C:\\Users\\Ландыш\\Desktop\\ajs-class1\\src\\js\\character.js": {"path":"C:\\Users\\Ландыш\\Desktop\\ajs-class1\\src\\js\\character.js","statementMap":{"0":{"start":{"line":3,"column":2},"end":{"line":7,"column":3}},"1":{"start":{"line":4,"column":3},"end":{"line":4,"column":29}},"2":{"start":{"line":6,"column":3},"end":{"line":6,"column":20}},"3":{"start":{"line":8,"column":16},"end":{"line":8,"column":83}},"4":{"start":{"line":9,"column":2},"end":{"line":13,"column":3}},"5":{"start":{"line":10,"column":3},"end":{"line":10,"column":28}},"6":{"start":{"line":12,"column":3},"end":{"line":12,"column":20}},"7":{"start":{"line":14,"column":2},"end":{"line":14,"column":20}},"8":{"start":{"line":15,"column":2},"end":{"line":15,"column":17}},"9":{"start":{"line":16,"column":2},"end":{"line":16,"column":26}},"10":{"start":{"line":17,"column":2},"end":{"line":17,"column":27}},"11":{"start":{"line":21,"column":2},"end":{"line":28,"column":3}},"12":{"start":{"line":22,"column":3},"end":{"line":22,"column":28}},"13":{"start":{"line":24,"column":3},"end":{"line":27,"column":21}},"14":{"start":{"line":31,"column":2},"end":{"line":31,"column":51}},"15":{"start":{"line":32,"column":2},"end":{"line":32,"column":42}},"16":{"start":{"line":32,"column":26},"end":{"line":32,"column":41}}},"fnMap":{"0":{"name":"(anonymous_0)","decl":{"start":{"line":2,"column":1},"end":{"line":2,"column":2}},"loc":{"start":{"line":2,"column":25},"end":{"line":18,"column":2}},"line":2},"1":{"name":"(anonymous_1)","decl":{"start":{"line":20,"column":1},"end":{"line":20,"column":2}},"loc":{"start":{"line":20,"column":11},"end":{"line":29,"column":2}},"line":20},"2":{"name":"(anonymous_2)","decl":{"start":{"line":30,"column":1},"end":{"line":30,"column":2}},"loc":{"start":{"line":30,"column":16},"end":{"line":33,"column":2}},"line":30}},"branchMap":{"0":{"loc":{"start":{"line":3,"column":2},"end":{"line":7,"column":3}},"type":"if","locations":[{"start":{"line":3,"column":2},"end":{"line":7,"column":3}},{"start":{"line":5,"column":9},"end":{"line":7,"column":3}}],"line":3},"1":{"loc":{"start":{"line":3,"column":6},"end":{"line":3,"column":69}},"type":"binary-expr","locations":[{"start":{"line":3,"column":6},"end":{"line":3,"column":21}},{"start":{"line":3,"column":25},"end":{"line":3,"column":41}},{"start":{"line":3,"column":45},"end":{"line":3,"column":69}}],"line":3},"2":{"loc":{"start":{"line":9,"column":2},"end":{"line":13,"column":3}},"type":"if","locations":[{"start":{"line":9,"column":2},"end":{"line":13,"column":3}},{"start":{"line":11,"column":9},"end":{"line":13,"column":3}}],"line":9},"3":{"loc":{"start":{"line":21,"column":2},"end":{"line":28,"column":3}},"type":"if","locations":[{"start":{"line":21,"column":2},"end":{"line":28,"column":3}},{"start":{"line":23,"column":9},"end":{"line":28,"column":3}}],"line":21},"4":{"loc":{"start":{"line":32,"column":2},"end":{"line":32,"column":42}},"type":"if","locations":[{"start":{"line":32,"column":2},"end":{"line":32,"column":42}},{"start":{},"end":{}}],"line":32}},"s":{"0":14,"1":2,"2":12,"3":12,"4":12,"5":1,"6":11,"7":11,"8":11,"9":11,"10":11,"11":2,"12":1,"13":1,"14":2,"15":2,"16":1},"f":{"0":14,"1":2,"2":2},"b":{"0":[2,12],"1":[14,13,12],"2":[1,11],"3":[1,1],"4":[1,1]},"_coverageSchema":"1a1c01bbd47fc00a2c39e90264f33305004495a9","hash":"e166c942323ce525053c3f9ae4e712856eee643c"}
}
